{"timestamp": "2026-03-09T05:56:09.827745", "context": "login", "query": "SELECT * FROM users WHERE username = 'admin'--' AND password = 'anything'"}
{"timestamp": "2026-03-09T05:56:11.870389", "context": "login", "query": "SELECT * FROM users WHERE username = 'admin' AND password = 'monkey'"}
{"timestamp": "2026-03-09T05:56:11.870890", "context": "login", "query": "SELECT * FROM users WHERE username = 'admin' AND password = '1234567'"}
{"timestamp": "2026-03-09T05:56:11.871174", "context": "login", "query": "SELECT * FROM users WHERE username = 'admin' AND password = '12345678'"}
{"timestamp": "2026-03-09T05:56:11.871420", "context": "login", "query": "SELECT * FROM users WHERE username = 'admin' AND password = 'pass'"}
{"timestamp": "2026-03-09T05:56:11.871653", "context": "login", "query": "SELECT * FROM users WHERE username = 'admin' AND password = 'root'"}
{"timestamp": "2026-03-09T05:56:11.871870", "context": "login", "query": "SELECT * FROM users WHERE username = 'admin' AND password = 'test'"}
{"timestamp": "2026-03-09T05:56:11.872087", "context": "login", "query": "SELECT * FROM users WHERE username = 'admin' AND password = 'iloveyou'"}
{"timestamp": "2026-03-09T05:56:11.872309", "context": "login", "query": "SELECT * FROM users WHERE username = 'admin' AND password = 'dragon'"}
{"timestamp": "2026-03-09T05:56:11.872520", "context": "login", "query": "SELECT * FROM users WHERE username = 'admin' AND password = 'master'"}
{"timestamp": "2026-03-09T05:56:11.872733", "context": "login", "query": "SELECT * FROM users WHERE username = 'admin' AND password = '666666'"}
{"timestamp": "2026-03-09T05:56:11.872939", "context": "login", "query": "SELECT * FROM users WHERE username = 'admin' AND password = 'superman'"}
{"timestamp": "2026-03-09T05:56:11.873146", "context": "login", "query": "SELECT * FROM users WHERE username = 'admin' AND password = 'batman'"}
{"timestamp": "2026-03-09T05:56:11.877281", "context": "login", "query": "SELECT * FROM users WHERE username = 'admin' AND password = 'trustno1'"}
{"timestamp": "2026-03-09T05:56:11.877546", "context": "login", "query": "SELECT * FROM users WHERE username = 'admin' AND password = 'password'"}
{"timestamp": "2026-03-09T05:56:11.877767", "context": "login", "query": "SELECT * FROM users WHERE username = 'admin' AND password = '123456'"}
{"timestamp": "2026-03-09T05:56:11.877966", "context": "login", "query": "SELECT * FROM users WHERE username = 'admin' AND password = 'letmein'"}
{"timestamp": "2026-03-09T05:56:11.878167", "context": "login", "query": "SELECT * FROM users WHERE username = 'admin' AND password = 'qwerty'"}
{"timestamp": "2026-03-09T05:56:11.878358", "context": "login", "query": "SELECT * FROM users WHERE username = 'admin' AND password = 'abc123'"}
{"timestamp": "2026-03-09T05:56:11.878557", "context": "login", "query": "SELECT * FROM users WHERE username = 'admin' AND password = 'monkey'"}
{"timestamp": "2026-03-09T05:56:11.878746", "context": "login", "query": "SELECT * FROM users WHERE username = 'admin' AND password = '1234567'"}
{"timestamp": "2026-03-09T05:56:11.878943", "context": "login", "query": "SELECT * FROM users WHERE username = 'admin' AND password = '12345678'"}
{"timestamp": "2026-03-09T05:56:11.879133", "context": "login", "query": "SELECT * FROM users WHERE username = 'admin' AND password = 'pass'"}
{"timestamp": "2026-03-09T05:56:11.879324", "context": "login", "query": "SELECT * FROM users WHERE username = 'admin' AND password = 'password'"}
{"timestamp": "2026-03-09T05:56:11.879511", "context": "login", "query": "SELECT * FROM users WHERE username = 'admin' AND password = '123456'"}
{"timestamp": "2026-03-09T05:56:11.879685", "context": "login", "query": "SELECT * FROM users WHERE username = 'admin' AND password = 'admin'"}
{"timestamp": "2026-03-09T05:56:11.879858", "context": "login", "query": "SELECT * FROM users WHERE username = 'admin' AND password = 'letmein'"}
{"timestamp": "2026-03-09T05:56:11.880039", "context": "login", "query": "SELECT * FROM users WHERE username = 'admin' AND password = 'qwerty'"}
{"timestamp": "2026-03-09T05:56:11.880215", "context": "login", "query": "SELECT * FROM users WHERE username = 'admin' AND password = 'abc123'"}
{"timestamp": "2026-03-09T05:56:11.880768", "context": "login", "query": "SELECT * FROM users WHERE username = 'admin' AND password = 'admin'"}
{"timestamp": "2026-03-09T05:56:11.881067", "context": "login", "query": "SELECT * FROM users WHERE username = 'admin' AND password = 'root'"}
{"timestamp": "2026-03-09T05:56:18.031094", "context": "search", "query": "SELECT * FROM users WHERE username LIKE '%test%'"}
{"timestamp": "2026-03-09T05:56:18.032219", "context": "search", "query": "SELECT * FROM users WHERE username LIKE '%test%'"}
{"timestamp": "2026-03-09T05:56:18.033063", "context": "search", "query": "SELECT * FROM users WHERE username LIKE '%test%'"}
{"timestamp": "2026-03-09T05:56:18.036956", "context": "search", "query": "SELECT * FROM users WHERE username LIKE '%test%'"}
{"timestamp": "2026-03-09T05:56:18.037236", "context": "search", "query": "SELECT * FROM users WHERE username LIKE '%test%'"}
{"timestamp": "2026-03-09T05:56:18.038186", "context": "search", "query": "SELECT * FROM users WHERE username LIKE '%test%'"}
{"timestamp": "2026-03-09T05:56:18.039716", "context": "search", "query": "SELECT * FROM users WHERE username LIKE '%test%'"}
{"timestamp": "2026-03-09T05:56:18.039932", "context": "search", "query": "SELECT * FROM users WHERE username LIKE '%test%'"}
{"timestamp": "2026-03-09T05:56:18.040127", "context": "search", "query": "SELECT * FROM users WHERE username LIKE '%test%'"}
{"timestamp": "2026-03-09T05:56:18.040720", "context": "search", "query": "SELECT * FROM users WHERE username LIKE '%test%'"}
{"timestamp": "2026-03-09T05:56:18.042252", "context": "search", "query": "SELECT * FROM users WHERE username LIKE '%test%'"}
{"timestamp": "2026-03-09T05:56:18.042976", "context": "search", "query": "SELECT * FROM users WHERE username LIKE '%test%'"}
{"timestamp": "2026-03-09T05:56:18.047037", "context": "search", "query": "SELECT * FROM users WHERE username LIKE '%test%'"}
{"timestamp": "2026-03-09T05:56:18.047455", "context": "search", "query": "SELECT * FROM users WHERE username LIKE '%test%'"}
{"timestamp": "2026-03-09T05:56:18.048713", "context": "search", "query": "SELECT * FROM users WHERE username LIKE '%test%'"}
